<?xml version="1.0" encoding="UTF-8"?>
<testsuite name="org.lenskit.mooc.cbf.WeightedUserProfileBuilderTest" tests="3" skipped="0" failures="0" errors="0" timestamp="2017-09-26T22:34:58" hostname="er-10-128-96-6.wireless.umn.edu" time="0.035">
  <properties/>
  <testcase name="testEmptyModel" classname="org.lenskit.mooc.cbf.WeightedUserProfileBuilderTest" time="0.018"/>
  <testcase name="testTwoItemVector" classname="org.lenskit.mooc.cbf.WeightedUserProfileBuilderTest" time="0.008"/>
  <testcase name="testSingleItemVector" classname="org.lenskit.mooc.cbf.WeightedUserProfileBuilderTest" time="0.007"/>
  <system-out><![CDATA[17:34:58.229 [Test worker] INFO  o.l.data.dao.file.StaticDataSource - deriving entity type EntityType[item] from EntityType[item-tag] (column TypedName[item: long])
17:34:58.230 [Test worker] INFO  o.l.data.dao.file.StaticDataSource - deriving entity type EntityType[user] from EntityType[item-tag] (column TypedName[user: long])
17:34:58.230 [Test worker] INFO  o.l.data.dao.file.StaticDataSource - deriving entity type EntityType[item] from EntityType[item-tag] (column TypedName[item: long])
17:34:58.231 [Test worker] DEBUG o.l.d.e.EntityCollectionBuilder - built collection of 3 entities with type EntityType[item] and 2 indexes
17:34:58.232 [Test worker] DEBUG o.l.d.e.EntityCollectionBuilder - built collection of 4 entities with type EntityType[item-tag] and 2 indexes
17:34:58.232 [Test worker] DEBUG o.l.d.e.EntityCollectionBuilder - built collection of 0 entities with type EntityType[user] and 2 indexes
17:34:58.233 [Test worker] INFO  o.l.mooc.cbf.TFIDFModelProvider - Building TF-IDF model
17:34:58.239 [Test worker] INFO  o.l.data.dao.file.StaticDataSource - deriving entity type EntityType[item] from EntityType[item-tag] (column TypedName[item: long])
17:34:58.239 [Test worker] INFO  o.l.data.dao.file.StaticDataSource - deriving entity type EntityType[user] from EntityType[item-tag] (column TypedName[user: long])
17:34:58.240 [Test worker] INFO  o.l.data.dao.file.StaticDataSource - deriving entity type EntityType[item] from EntityType[item-tag] (column TypedName[item: long])
17:34:58.240 [Test worker] DEBUG o.l.d.e.EntityCollectionBuilder - built collection of 3 entities with type EntityType[item] and 2 indexes
17:34:58.241 [Test worker] DEBUG o.l.d.e.EntityCollectionBuilder - built collection of 4 entities with type EntityType[item-tag] and 2 indexes
17:34:58.241 [Test worker] DEBUG o.l.d.e.EntityCollectionBuilder - built collection of 0 entities with type EntityType[user] and 2 indexes
17:34:58.241 [Test worker] INFO  o.l.mooc.cbf.TFIDFModelProvider - Building TF-IDF model
17:34:58.248 [Test worker] INFO  o.l.data.dao.file.StaticDataSource - deriving entity type EntityType[item] from EntityType[item-tag] (column TypedName[item: long])
17:34:58.248 [Test worker] INFO  o.l.data.dao.file.StaticDataSource - deriving entity type EntityType[user] from EntityType[item-tag] (column TypedName[user: long])
17:34:58.249 [Test worker] INFO  o.l.data.dao.file.StaticDataSource - deriving entity type EntityType[item] from EntityType[item-tag] (column TypedName[item: long])
17:34:58.249 [Test worker] DEBUG o.l.d.e.EntityCollectionBuilder - built collection of 3 entities with type EntityType[item] and 2 indexes
17:34:58.249 [Test worker] DEBUG o.l.d.e.EntityCollectionBuilder - built collection of 4 entities with type EntityType[item-tag] and 2 indexes
17:34:58.250 [Test worker] DEBUG o.l.d.e.EntityCollectionBuilder - built collection of 0 entities with type EntityType[user] and 2 indexes
17:34:58.250 [Test worker] INFO  o.l.mooc.cbf.TFIDFModelProvider - Building TF-IDF model
]]></system-out>
  <system-err><![CDATA[]]></system-err>
</testsuite>
