<?xml version="1.0" encoding="UTF-8"?>
<testsuite name="org.lenskit.mooc.cbf.ThresholdUserProfileBuilderTest" tests="4" skipped="0" failures="0" errors="0" timestamp="2017-09-26T22:34:57" hostname="er-10-128-96-6.wireless.umn.edu" time="0.754">
  <properties/>
  <testcase name="testEmptyModel" classname="org.lenskit.mooc.cbf.ThresholdUserProfileBuilderTest" time="0.656"/>
  <testcase name="testTwoItemVector" classname="org.lenskit.mooc.cbf.ThresholdUserProfileBuilderTest" time="0.034"/>
  <testcase name="testSingleItemVector" classname="org.lenskit.mooc.cbf.ThresholdUserProfileBuilderTest" time="0.018"/>
  <testcase name="testOneItemVectorBecauseThreshold" classname="org.lenskit.mooc.cbf.ThresholdUserProfileBuilderTest" time="0.045"/>
  <system-out><![CDATA[17:34:58.054 [Test worker] INFO  o.l.data.dao.file.StaticDataSource - deriving entity type EntityType[item] from EntityType[item-tag] (column TypedName[item: long])
17:34:58.064 [Test worker] INFO  o.l.data.dao.file.StaticDataSource - deriving entity type EntityType[user] from EntityType[item-tag] (column TypedName[user: long])
17:34:58.067 [Test worker] INFO  o.l.data.dao.file.StaticDataSource - deriving entity type EntityType[item] from EntityType[item-tag] (column TypedName[item: long])
17:34:58.076 [Test worker] DEBUG o.l.d.e.EntityCollectionBuilder - built collection of 3 entities with type EntityType[item] and 2 indexes
17:34:58.081 [Test worker] DEBUG o.l.d.e.EntityCollectionBuilder - built collection of 4 entities with type EntityType[item-tag] and 2 indexes
17:34:58.081 [Test worker] DEBUG o.l.d.e.EntityCollectionBuilder - built collection of 0 entities with type EntityType[user] and 2 indexes
17:34:58.084 [Test worker] INFO  o.l.mooc.cbf.TFIDFModelProvider - Building TF-IDF model
17:34:58.120 [Test worker] INFO  o.l.data.dao.file.StaticDataSource - deriving entity type EntityType[item] from EntityType[item-tag] (column TypedName[item: long])
17:34:58.121 [Test worker] INFO  o.l.data.dao.file.StaticDataSource - deriving entity type EntityType[user] from EntityType[item-tag] (column TypedName[user: long])
17:34:58.125 [Test worker] INFO  o.l.data.dao.file.StaticDataSource - deriving entity type EntityType[item] from EntityType[item-tag] (column TypedName[item: long])
17:34:58.126 [Test worker] DEBUG o.l.d.e.EntityCollectionBuilder - built collection of 3 entities with type EntityType[item] and 2 indexes
17:34:58.129 [Test worker] DEBUG o.l.d.e.EntityCollectionBuilder - built collection of 4 entities with type EntityType[item-tag] and 2 indexes
17:34:58.129 [Test worker] DEBUG o.l.d.e.EntityCollectionBuilder - built collection of 0 entities with type EntityType[user] and 2 indexes
17:34:58.130 [Test worker] INFO  o.l.mooc.cbf.TFIDFModelProvider - Building TF-IDF model
17:34:58.152 [Test worker] INFO  o.l.data.dao.file.StaticDataSource - deriving entity type EntityType[item] from EntityType[item-tag] (column TypedName[item: long])
17:34:58.153 [Test worker] INFO  o.l.data.dao.file.StaticDataSource - deriving entity type EntityType[user] from EntityType[item-tag] (column TypedName[user: long])
17:34:58.154 [Test worker] INFO  o.l.data.dao.file.StaticDataSource - deriving entity type EntityType[item] from EntityType[item-tag] (column TypedName[item: long])
17:34:58.155 [Test worker] DEBUG o.l.d.e.EntityCollectionBuilder - built collection of 3 entities with type EntityType[item] and 2 indexes
17:34:58.156 [Test worker] DEBUG o.l.d.e.EntityCollectionBuilder - built collection of 4 entities with type EntityType[item-tag] and 2 indexes
17:34:58.158 [Test worker] DEBUG o.l.d.e.EntityCollectionBuilder - built collection of 0 entities with type EntityType[user] and 2 indexes
17:34:58.158 [Test worker] INFO  o.l.mooc.cbf.TFIDFModelProvider - Building TF-IDF model
17:34:58.195 [Test worker] INFO  o.l.data.dao.file.StaticDataSource - deriving entity type EntityType[item] from EntityType[item-tag] (column TypedName[item: long])
17:34:58.196 [Test worker] INFO  o.l.data.dao.file.StaticDataSource - deriving entity type EntityType[user] from EntityType[item-tag] (column TypedName[user: long])
17:34:58.199 [Test worker] INFO  o.l.data.dao.file.StaticDataSource - deriving entity type EntityType[item] from EntityType[item-tag] (column TypedName[item: long])
17:34:58.200 [Test worker] DEBUG o.l.d.e.EntityCollectionBuilder - built collection of 3 entities with type EntityType[item] and 2 indexes
17:34:58.200 [Test worker] DEBUG o.l.d.e.EntityCollectionBuilder - built collection of 4 entities with type EntityType[item-tag] and 2 indexes
17:34:58.201 [Test worker] DEBUG o.l.d.e.EntityCollectionBuilder - built collection of 0 entities with type EntityType[user] and 2 indexes
17:34:58.204 [Test worker] INFO  o.l.mooc.cbf.TFIDFModelProvider - Building TF-IDF model
]]></system-out>
  <system-err><![CDATA[]]></system-err>
</testsuite>
