<?xml version="1.0" encoding="UTF-8"?>
<testsuite name="org.lenskit.mooc.cbf.TFIDFModelProviderTest" tests="3" skipped="0" failures="0" errors="0" timestamp="2017-09-26T22:34:58" hostname="er-10-128-96-6.wireless.umn.edu" time="0.037">
  <properties/>
  <testcase name="testItemThree" classname="org.lenskit.mooc.cbf.TFIDFModelProviderTest" time="0.013"/>
  <testcase name="testItemOne" classname="org.lenskit.mooc.cbf.TFIDFModelProviderTest" time="0.01"/>
  <testcase name="testItemTwo" classname="org.lenskit.mooc.cbf.TFIDFModelProviderTest" time="0.013"/>
  <system-out><![CDATA[17:34:58.259 [Test worker] INFO  o.l.data.dao.file.StaticDataSource - deriving entity type EntityType[item] from EntityType[item-tag] (column TypedName[item: long])
17:34:58.259 [Test worker] INFO  o.l.data.dao.file.StaticDataSource - deriving entity type EntityType[user] from EntityType[item-tag] (column TypedName[user: long])
17:34:58.260 [Test worker] INFO  o.l.data.dao.file.StaticDataSource - deriving entity type EntityType[item] from EntityType[item-tag] (column TypedName[item: long])
17:34:58.260 [Test worker] DEBUG o.l.d.e.EntityCollectionBuilder - built collection of 3 entities with type EntityType[item] and 2 indexes
17:34:58.260 [Test worker] DEBUG o.l.d.e.EntityCollectionBuilder - built collection of 4 entities with type EntityType[item-tag] and 2 indexes
17:34:58.260 [Test worker] DEBUG o.l.d.e.EntityCollectionBuilder - built collection of 0 entities with type EntityType[user] and 2 indexes
17:34:58.261 [Test worker] INFO  o.l.mooc.cbf.TFIDFModelProvider - Building TF-IDF model
17:34:58.272 [Test worker] INFO  o.l.data.dao.file.StaticDataSource - deriving entity type EntityType[item] from EntityType[item-tag] (column TypedName[item: long])
17:34:58.273 [Test worker] INFO  o.l.data.dao.file.StaticDataSource - deriving entity type EntityType[user] from EntityType[item-tag] (column TypedName[user: long])
17:34:58.273 [Test worker] INFO  o.l.data.dao.file.StaticDataSource - deriving entity type EntityType[item] from EntityType[item-tag] (column TypedName[item: long])
17:34:58.273 [Test worker] DEBUG o.l.d.e.EntityCollectionBuilder - built collection of 3 entities with type EntityType[item] and 2 indexes
17:34:58.274 [Test worker] DEBUG o.l.d.e.EntityCollectionBuilder - built collection of 4 entities with type EntityType[item-tag] and 2 indexes
17:34:58.275 [Test worker] DEBUG o.l.d.e.EntityCollectionBuilder - built collection of 0 entities with type EntityType[user] and 2 indexes
17:34:58.275 [Test worker] INFO  o.l.mooc.cbf.TFIDFModelProvider - Building TF-IDF model
17:34:58.282 [Test worker] INFO  o.l.data.dao.file.StaticDataSource - deriving entity type EntityType[item] from EntityType[item-tag] (column TypedName[item: long])
17:34:58.282 [Test worker] INFO  o.l.data.dao.file.StaticDataSource - deriving entity type EntityType[user] from EntityType[item-tag] (column TypedName[user: long])
17:34:58.283 [Test worker] INFO  o.l.data.dao.file.StaticDataSource - deriving entity type EntityType[item] from EntityType[item-tag] (column TypedName[item: long])
17:34:58.284 [Test worker] DEBUG o.l.d.e.EntityCollectionBuilder - built collection of 3 entities with type EntityType[item] and 2 indexes
17:34:58.286 [Test worker] DEBUG o.l.d.e.EntityCollectionBuilder - built collection of 4 entities with type EntityType[item-tag] and 2 indexes
17:34:58.286 [Test worker] DEBUG o.l.d.e.EntityCollectionBuilder - built collection of 0 entities with type EntityType[user] and 2 indexes
17:34:58.287 [Test worker] INFO  o.l.mooc.cbf.TFIDFModelProvider - Building TF-IDF model
]]></system-out>
  <system-err><![CDATA[]]></system-err>
</testsuite>
